TN:
SF:C:\Users\rajivsingh\Music\Ankit\tedpros\testlogin\src\polyfills.ts
FNF:0
FNH:0
LF:0
LH:0
BRF:0
BRH:0
end_of_record
TN:
SF:C:\Users\rajivsingh\Music\Ankit\tedpros\testlogin\src\test.ts
FNF:0
FNH:0
DA:13,1
DA:18,1
DA:20,1
LF:3
LH:3
BRF:0
BRH:0
end_of_record
TN:
SF:C:\Users\rajivsingh\Music\Ankit\tedpros\testlogin\src\app\_services\alert.service.ts
FN:6,(anonymous_2)
FN:10,AlertService
FN:12,(anonymous_4)
FN:25,(anonymous_5)
FN:30,(anonymous_6)
FN:35,(anonymous_7)
FNF:6
FNH:3
FNDA:1,(anonymous_2)
FNDA:7,AlertService
FNDA:15,(anonymous_4)
FNDA:0,(anonymous_5)
FNDA:0,(anonymous_6)
FNDA:0,(anonymous_7)
DA:6,1
DA:7,7
DA:8,7
DA:10,7
DA:12,7
DA:13,15
DA:14,3
DA:16,0
DA:19,3
DA:25,1
DA:26,0
DA:27,0
DA:30,1
DA:31,0
DA:32,0
DA:35,1
DA:36,0
DA:38,1
LF:18
LH:12
BRDA:13,0,0,3
BRDA:13,0,1,12
BRDA:14,1,0,0
BRDA:14,1,1,3
BRDA:25,2,0,0
BRDA:25,2,1,0
BRDA:30,3,0,0
BRDA:30,3,1,0
BRF:8
BRH:3
end_of_record
TN:
SF:C:\Users\rajivsingh\Music\Ankit\tedpros\testlogin\src\app\_services\authentication.service.ts
FN:10,(anonymous_2)
FN:14,AuthenticationService
FN:19,(anonymous_4)
FN:23,(anonymous_5)
FN:25,(anonymous_6)
FN:37,(anonymous_7)
FNF:6
FNH:3
FNDA:1,(anonymous_2)
FNDA:7,AuthenticationService
FNDA:3,(anonymous_4)
FNDA:0,(anonymous_5)
FNDA:0,(anonymous_6)
FNDA:0,(anonymous_7)
DA:10,1
DA:14,7
DA:15,7
DA:16,7
DA:19,1
DA:20,3
DA:23,1
DA:24,0
DA:27,0
DA:29,0
DA:30,0
DA:33,0
DA:37,1
DA:39,0
DA:40,0
DA:42,1
LF:16
LH:9
BRDA:27,0,0,0
BRDA:27,0,1,0
BRDA:27,1,0,0
BRDA:27,1,1,0
BRF:4
BRH:0
end_of_record
TN:
SF:C:\Users\rajivsingh\Music\Ankit\tedpros\testlogin\src\app\_services\index.ts
FNF:0
FNH:0
LF:0
LH:0
BRF:0
BRH:0
end_of_record
TN:
SF:C:\Users\rajivsingh\Music\Ankit\tedpros\testlogin\src\app\_services\user.service.ts
FN:8,(anonymous_2)
FN:9,UserService
FN:11,(anonymous_4)
FN:15,(anonymous_5)
FN:19,(anonymous_6)
FN:23,(anonymous_7)
FN:27,(anonymous_8)
FNF:7
FNH:1
FNDA:1,(anonymous_2)
FNDA:0,UserService
FNDA:0,(anonymous_4)
FNDA:0,(anonymous_5)
FNDA:0,(anonymous_6)
FNDA:0,(anonymous_7)
FNDA:0,(anonymous_8)
DA:8,1
DA:9,0
DA:11,1
DA:12,0
DA:15,1
DA:16,0
DA:19,1
DA:20,0
DA:23,1
DA:24,0
DA:27,1
DA:28,0
DA:30,1
LF:13
LH:7
BRF:0
BRH:0
end_of_record
TN:
SF:C:\Users\rajivsingh\Music\Ankit\tedpros\testlogin\src\app\home\home.component.ts
FN:9,(anonymous_2)
FN:14,HomeComponent
FN:18,(anonymous_4)
FN:23,(anonymous_5)
FN:27,(anonymous_6)
FN:32,(anonymous_7)
FN:33,(anonymous_8)
FN:38,(anonymous_9)
FN:39,(anonymous_10)
FNF:9
FNH:9
FNDA:1,(anonymous_2)
FNDA:4,HomeComponent
FNDA:4,(anonymous_4)
FNDA:1,(anonymous_5)
FNDA:5,(anonymous_6)
FNDA:1,(anonymous_7)
FNDA:1,(anonymous_8)
FNDA:2,(anonymous_9)
FNDA:2,(anonymous_10)
DA:9,1
DA:12,4
DA:14,4
DA:15,4
DA:16,4
DA:18,4
DA:19,4
DA:23,1
DA:24,1
DA:27,1
DA:29,5
DA:32,1
DA:33,1
DA:34,1
DA:38,2
DA:39,2
DA:40,2
DA:43,1
LF:18
LH:18
BRF:0
BRH:0
end_of_record
TN:
SF:C:\Users\rajivsingh\Music\Ankit\tedpros\testlogin\src\app\login\login.component.ts
FN:9,(anonymous_2)
FN:15,LoginComponent
FN:28,(anonymous_4)
FN:39,(anonymous_5)
FN:41,(anonymous_6)
FN:53,(anonymous_7)
FN:56,(anonymous_8)
FNF:7
FNH:4
FNDA:1,(anonymous_2)
FNDA:4,LoginComponent
FNDA:1,(anonymous_4)
FNDA:0,(anonymous_5)
FNDA:1,(anonymous_6)
FNDA:0,(anonymous_7)
FNDA:0,(anonymous_8)
DA:9,1
DA:11,4
DA:12,4
DA:16,4
DA:17,4
DA:18,4
DA:19,4
DA:20,4
DA:23,4
DA:24,0
DA:28,1
DA:29,1
DA:35,1
DA:39,1
DA:41,1
DA:42,1
DA:45,1
DA:46,0
DA:49,0
DA:50,0
DA:54,0
DA:57,0
DA:58,0
DA:61,1
LF:24
LH:17
BRDA:23,0,0,0
BRDA:23,0,1,4
BRDA:35,1,0,1
BRDA:35,1,1,0
BRDA:45,2,0,0
BRDA:45,2,1,0
BRF:6
BRH:2
end_of_record
TN:
SF:C:\Users\rajivsingh\Music\Ankit\tedpros\testlogin\src\app\mocks\ActivatedRouteStub.ts
FN:6,(anonymous_1)
FN:5,ActivatedRouteStub
FN:14,(anonymous_3)
FNF:3
FNH:2
FNDA:1,(anonymous_1)
FNDA:3,ActivatedRouteStub
FNDA:0,(anonymous_3)
DA:6,1
DA:9,3
DA:13,3
DA:15,0
DA:18,1
LF:5
LH:4
BRF:0
BRH:0
end_of_record
TN:
SF:C:\Users\rajivsingh\Music\Ankit\tedpros\testlogin\src\app\mocks\AuthServiceStub.ts
FN:2,(anonymous_0)
FN:3,(anonymous_2)
FN:5,(anonymous_3)
FNF:3
FNH:1
FNDA:2,(anonymous_0)
FNDA:0,(anonymous_2)
FNDA:0,(anonymous_3)
DA:2,1
DA:3,1
DA:4,0
DA:6,0
DA:10,1
LF:5
LH:3
BRF:0
BRH:0
end_of_record
TN:
SF:C:\Users\rajivsingh\Music\Ankit\tedpros\testlogin\src\app\mocks\UserServiceStub.ts
FN:3,(anonymous_0)
FN:6,(anonymous_2)
FN:8,(anonymous_3)
FN:14,(anonymous_4)
FN:16,(anonymous_5)
FN:28,(anonymous_6)
FN:30,(anonymous_7)
FNF:7
FNH:3
FNDA:3,(anonymous_0)
FNDA:0,(anonymous_2)
FNDA:0,(anonymous_3)
FNDA:2,(anonymous_4)
FNDA:0,(anonymous_5)
FNDA:1,(anonymous_6)
FNDA:0,(anonymous_7)
DA:3,1
DA:6,1
DA:7,0
DA:9,0
DA:14,1
DA:15,2
DA:17,0
DA:28,1
DA:29,1
DA:31,0
DA:41,1
LF:11
LH:7
BRF:0
BRH:0
end_of_record
TN:
SF:C:\Users\rajivsingh\Music\Ankit\tedpros\testlogin\src\app\register\register.component.ts
FN:9,(anonymous_2)
FN:14,RegisterComponent
FN:27,(anonymous_4)
FN:37,(anonymous_5)
FN:39,(anonymous_6)
FN:51,(anonymous_7)
FN:55,(anonymous_8)
FNF:7
FNH:4
FNDA:1,(anonymous_2)
FNDA:3,RegisterComponent
FNDA:1,(anonymous_4)
FNDA:0,(anonymous_5)
FNDA:1,(anonymous_6)
FNDA:0,(anonymous_7)
FNDA:0,(anonymous_8)
DA:9,1
DA:11,3
DA:12,3
DA:15,3
DA:16,3
DA:17,3
DA:18,3
DA:19,3
DA:22,3
DA:23,3
DA:27,1
DA:28,1
DA:37,1
DA:39,1
DA:40,1
DA:43,1
DA:44,0
DA:47,0
DA:48,0
DA:52,0
DA:53,0
DA:56,0
DA:57,0
DA:60,1
LF:24
LH:17
BRDA:22,0,0,3
BRDA:22,0,1,0
BRDA:43,1,0,0
BRDA:43,1,1,0
BRF:4
BRH:1
end_of_record
TN:
SF:C:\Users\rajivsingh\Music\Ankit\tedpros\testlogin\src\environments\environment.ts
FNF:0
FNH:0
DA:5,1
LF:1
LH:1
BRF:0
BRH:0
end_of_record
